2022-10-24T02:11:11+00:00 CRITICAL Uncaught Error: Call to undefined function startup_shop_get_option() in C:\xampp\htdocs\wordpress\wp-content\themes\startup-shop-child\index.php:17
Stack trace:
#0 C:\xampp\htdocs\wordpress\wp-includes\template-loader.php(106): include()
#1 C:\xampp\htdocs\wordpress\wp-blog-header.php(19): require_once('C:\\xampp\\htdocs...')
#2 C:\xampp\htdocs\wordpress\index.php(17): require('C:\\xampp\\htdocs...')
#3 {main}
  thrown in C:\xampp\htdocs\wordpress\wp-content\themes\startup-shop-child\index.php on line 17

2022-10-24T02:11:27+00:00 CRITICAL Uncaught Error: Call to undefined function startup_shop_get_option() in C:\xampp\htdocs\wordpress\wp-content\themes\startup-shop-child\index.php:17
Stack trace:
#0 C:\xampp\htdocs\wordpress\wp-includes\template-loader.php(106): include()
#1 C:\xampp\htdocs\wordpress\wp-blog-header.php(19): require_once('C:\\xampp\\htdocs...')
#2 C:\xampp\htdocs\wordpress\index.php(17): require('C:\\xampp\\htdocs...')
#3 {main}
  thrown in C:\xampp\htdocs\wordpress\wp-content\themes\startup-shop-child\index.php on line 17

2022-10-24T02:12:02+00:00 CRITICAL Uncaught Error: Call to undefined function startup_shop_get_option() in C:\xampp\htdocs\wordpress\wp-content\themes\startup-shop-child\index.php:17
Stack trace:
#0 C:\xampp\htdocs\wordpress\wp-includes\template-loader.php(106): include()
#1 C:\xampp\htdocs\wordpress\wp-blog-header.php(19): require_once('C:\\xampp\\htdocs...')
#2 C:\xampp\htdocs\wordpress\index.php(17): require('C:\\xampp\\htdocs...')
#3 {main}
  thrown in C:\xampp\htdocs\wordpress\wp-content\themes\startup-shop-child\index.php on line 17

2022-10-24T02:13:04+00:00 CRITICAL Uncaught Error: Call to undefined function startup_shop_get_option() in C:\xampp\htdocs\wordpress\wp-content\themes\startup-shop-child\index.php:17
Stack trace:
#0 C:\xampp\htdocs\wordpress\wp-includes\template-loader.php(106): include()
#1 C:\xampp\htdocs\wordpress\wp-blog-header.php(19): require_once('C:\\xampp\\htdocs...')
#2 C:\xampp\htdocs\wordpress\index.php(17): require('C:\\xampp\\htdocs...')
#3 {main}
  thrown in C:\xampp\htdocs\wordpress\wp-content\themes\startup-shop-child\index.php on line 17

2022-10-24T07:13:10+00:00 CRITICAL Uncaught Error: Call to undefined function custom_registration_function() in C:\xampp\htdocs\wordpress\wp-content\themes\own-shop-child\page-register.php:30
Stack trace:
#0 C:\xampp\htdocs\wordpress\wp-includes\template-loader.php(106): include()
#1 C:\xampp\htdocs\wordpress\wp-blog-header.php(19): require_once('C:\\xampp\\htdocs...')
#2 C:\xampp\htdocs\wordpress\index.php(17): require('C:\\xampp\\htdocs...')
#3 {main}
  thrown in C:\xampp\htdocs\wordpress\wp-content\themes\own-shop-child\page-register.php on line 30

2022-10-24T11:20:51+00:00 CRITICAL Uncaught PDOException: SQLSTATE[HY000] [1231] Variable 'character_set_client' can't be set to the value of 'utf16' in C:\xampp\htdocs\wordpress\wp-content\plugins\mailpoet\vendor-prefixed\doctrine\dbal\lib\Doctrine\DBAL\Driver\PDOConnection.php:20
Stack trace:
#0 C:\xampp\htdocs\wordpress\wp-content\plugins\mailpoet\vendor-prefixed\doctrine\dbal\lib\Doctrine\DBAL\Driver\PDOConnection.php(20): PDO->__construct('mysql:host=loca...', 'root', '', Array)
#1 C:\xampp\htdocs\wordpress\wp-content\plugins\mailpoet\vendor-prefixed\doctrine\dbal\lib\Doctrine\DBAL\Driver\PDOMySql\Driver.php(14): MailPoetVendor\Doctrine\DBAL\Driver\PDOConnection->__construct('mysql:host=loca...', 'root', '', Array)
#2 C:\xampp\htdocs\wordpress\wp-content\plugins\mailpoet\vendor-prefixed\doctrine\dbal\lib\Doctrine\DBAL\Connection.php(149): MailPoetVendor\Doctrine\DBAL\Driver\PDOMySql\Driver->connect(Array, 'root', '', Array)
#3 C:\xampp\htdocs\wordpress\wp-content\plugins\mailpoet\vendor-prefixed\doctrine\dbal\lib\Doctrine\DBAL\Connection.php(806): MailPoetVendor\Doctrine\DBAL\Connection->connect()
#4 C:\xampp\htdocs\wordpress\wp-content\plugins\mailpoet\vendor-prefixed\doctrine\dbal\lib\Doctrine\DBAL\Connection.php(484): MailPoetVendor\Doctrine\DBAL\Connection->getWrappedConnection()
#5 C:\xampp\htdocs\wordpress\wp-content\plugins\mailpoet\vendor-prefixed\doctrine\orm\lib\Doctrine\ORM\Persisters\Entity\BasicEntityPersister.php(476): MailPoetVendor\Doctrine\DBAL\Connection->executeQuery('SELECT t0.name ...', Array, Array)
#6 C:\xampp\htdocs\wordpress\wp-content\plugins\mailpoet\vendor-prefixed\doctrine\orm\lib\Doctrine\ORM\EntityRepository.php(73): MailPoetVendor\Doctrine\ORM\Persisters\Entity\BasicEntityPersister->loadAll(Array, NULL, NULL, NULL)
#7 C:\xampp\htdocs\wordpress\wp-content\plugins\mailpoet\vendor-prefixed\doctrine\orm\lib\Doctrine\ORM\EntityRepository.php(68): MailPoetVendor\Doctrine\ORM\EntityRepository->findBy(Array)
#8 C:\xampp\htdocs\wordpress\wp-content\plugins\mailpoet\lib\Doctrine\Repository.php(84): MailPoetVendor\Doctrine\ORM\EntityRepository->findAll()
#9 C:\xampp\htdocs\wordpress\wp-content\plugins\mailpoet\lib\Settings\SettingsController.php(137): MailPoet\Doctrine\Repository->findAll()
#10 C:\xampp\htdocs\wordpress\wp-content\plugins\mailpoet\lib\Settings\SettingsController.php(38): MailPoet\Settings\SettingsController->ensureLoaded()
#11 C:\xampp\htdocs\wordpress\wp-content\plugins\mailpoet\lib\Config\Changelog.php(84): MailPoet\Settings\SettingsController->get('version')
#12 C:\xampp\htdocs\wordpress\wp-content\plugins\mailpoet\lib\API\MP\v1\API.php(100): MailPoet\Config\Changelog->shouldShowWelcomeWizard()
#13 C:\xampp\htdocs\wordpress\wp-content\plugins\woocommerce\src\Admin\Marketing\InstalledExtensions.php(370): MailPoet\API\MP\v1\API->isSetupComplete()
#14 C:\xampp\htdocs\wordpress\wp-content\plugins\woocommerce\src\Admin\Marketing\InstalledExtensions.php(31): Automattic\WooCommerce\Admin\Marketing\InstalledExtensions::get_mailpoet_extension_data()
#15 C:\xampp\htdocs\wordpress\wp-content\plugins\woocommerce\src\Internal\Admin\Marketing.php(183): Automattic\WooCommerce\Admin\Marketing\InstalledExtensions::get_data()
#16 C:\xampp\htdocs\wordpress\wp-includes\class-wp-hook.php(307): Automattic\WooCommerce\Internal\Admin\Marketing->component_settings(Array)
#17 C:\xampp\htdocs\wordpress\wp-includes\plugin.php(191): WP_Hook->apply_filters(Array, Array)
#18 C:\xampp\htdocs\wordpress\wp-content\plugins\woocommerce\src\Internal\Admin\WCAdminSharedSettings.php(61): apply_filters('woocommerce_adm...', Array)
#19 C:\xampp\htdocs\wordpress\wp-content\plugins\woocommerce\packages\woocommerce-blocks\src\Assets\AssetDataRegistry.php(258): Automattic\WooCommerce\Internal\Admin\WCAdminSharedSettings->Automattic\WooCommerce\Internal\Admin\{closure}()
#20 C:\xampp\htdocs\wordpress\wp-content\plugins\woocommerce\packages\woocommerce-blocks\src\Assets\AssetDataRegistry.php(359): Automattic\WooCommerce\Blocks\Assets\AssetDataRegistry->execute_lazy_data()
#21 C:\xampp\htdocs\wordpress\wp-includes\class-wp-hook.php(307): Automattic\WooCommerce\Blocks\Assets\AssetDataRegistry->enqueue_asset_data('')
#22 C:\xampp\htdocs\wordpress\wp-includes\class-wp-hook.php(331): WP_Hook->apply_filters('', Array)
#23 C:\xampp\htdocs\wordpress\wp-includes\plugin.php(476): WP_Hook->do_action(Array)
#24 C:\xampp\htdocs\wordpress\wp-admin\admin-footer.php(95): do_action('admin_print_foo...')
#25 C:\xampp\htdocs\wordpress\wp-admin\admin.php(297): require_once('C:\\xampp\\htdocs...')
#26 {main}

Next MailPoetVendor\Doctrine\DBAL\Driver\PDO\Exception: SQLSTATE[HY000] [1231] Variable 'character_set_client' can't be set to the value of 'utf16' in C:\xampp\htdocs\wordpress\wp-content\plugins\mailpoet\vendor-prefixed\doctrine\dbal\lib\Doctrine\DBAL\Driver\PDO\Exception.php:10
Stack trace:
#0 C:\xampp\htdocs\wordpress\wp-content\plugins\mailpoet\vendor-prefixed\doctrine\dbal\lib\Doctrine\DBAL\Driver\PDOConnection.php(24): MailPoetVendor\Doctrine\DBAL\Driver\PDO\Exception::new(Object(PDOException))
#1 C:\xampp\htdocs\wordpress\wp-content\plugins\mailpoet\vendor-prefixed\doctrine\dbal\lib\Doctrine\DBAL\Driver\PDOMySql\Driver.php(14): MailPoetVendor\Doctrine\DBAL\Driver\PDOConnection->__construct('mysql:host=loca...', 'root', '', Array)
#2 C:\xampp\htdocs\wordpress\wp-content\plugins\mailpoet\vendor-prefixed\doctrine\dbal\lib\Doctrine\DBAL\Connection.php(149): MailPoetVendor\Doctrine\DBAL\Driver\PDOMySql\Driver->connect(Array, 'root', '', Array)
#3 C:\xampp\htdocs\wordpress\wp-content\plugins\mailpoet\vendor-prefixed\doctrine\dbal\lib\Doctrine\DBAL\Connection.php(806): MailPoetVendor\Doctrine\DBAL\Connection->connect()
#4 C:\xampp\htdocs\wordpress\wp-content\plugins\mailpoet\vendor-prefixed\doctrine\dbal\lib\Doctrine\DBAL\Connection.php(484): MailPoetVendor\Doctrine\DBAL\Connection->getWrappedConnection()
#5 C:\xampp\htdocs\wordpress\wp-content\plugins\mailpoet\vendor-prefixed\doctrine\orm\lib\Doctrine\ORM\Persisters\Entity\BasicEntityPersister.php(476): MailPoetVendor\Doctrine\DBAL\Connection->executeQuery('SELECT t0.name ...', Array, Array)
#6 C:\xampp\htdocs\wordpress\wp-content\plugins\mailpoet\vendor-prefixed\doctrine\orm\lib\Doctrine\ORM\EntityRepository.php(73): MailPoetVendor\Doctrine\ORM\Persisters\Entity\BasicEntityPersister->loadAll(Array, NULL, NULL, NULL)
#7 C:\xampp\htdocs\wordpress\wp-content\plugins\mailpoet\vendor-prefixed\doctrine\orm\lib\Doctrine\ORM\EntityRepository.php(68): MailPoetVendor\Doctrine\ORM\EntityRepository->findBy(Array)
#8 C:\xampp\htdocs\wordpress\wp-content\plugins\mailpoet\lib\Doctrine\Repository.php(84): MailPoetVendor\Doctrine\ORM\EntityRepository->findAll()
#9 C:\xampp\htdocs\wordpress\wp-content\plugins\mailpoet\lib\Settings\SettingsController.php(137): MailPoet\Doctrine\Repository->findAll()
#10 C:\xampp\htdocs\wordpress\wp-content\plugins\mailpoet\lib\Settings\SettingsController.php(38): MailPoet\Settings\SettingsController->ensureLoaded()
#11 C:\xampp\htdocs\wordpress\wp-content\plugins\mailpoet\lib\Config\Changelog.php(84): MailPoet\Settings\SettingsController->get('version')
#12 C:\xampp\htdocs\wordpress\wp-content\plugins\mailpoet\lib\API\MP\v1\API.php(100): MailPoet\Config\Changelog->shouldShowWelcomeWizard()
#13 C:\xampp\htdocs\wordpress\wp-content\plugins\woocommerce\src\Admin\Marketing\InstalledExtensions.php(370): MailPoet\API\MP\v1\API->isSetupComplete()
#14 C:\xampp\htdocs\wordpress\wp-content\plugins\woocommerce\src\Admin\Marketing\InstalledExtensions.php(31): Automattic\WooCommerce\Admin\Marketing\InstalledExtensions::get_mailpoet_extension_data()
#15 C:\xampp\htdocs\wordpress\wp-content\plugins\woocommerce\src\Internal\Admin\Marketing.php(183): Automattic\WooCommerce\Admin\Marketing\InstalledExtensions::get_data()
#16 C:\xampp\htdocs\wordpress\wp-includes\class-wp-hook.php(307): Automattic\WooCommerce\Internal\Admin\Marketing->component_settings(Array)
#17 C:\xampp\htdocs\wordpress\wp-includes\plugin.php(191): WP_Hook->apply_filters(Array, Array)
#18 C:\xampp\htdocs\wordpress\wp-content\plugins\woocommerce\src\Internal\Admin\WCAdminSharedSettings.php(61): apply_filters('woocommerce_adm...', Array)
#19 C:\xampp\htdocs\wordpress\wp-content\plugins\woocommerce\packages\woocommerce-blocks\src\Assets\AssetDataRegistry.php(258): Automattic\WooCommerce\Internal\Admin\WCAdminSharedSettings->Automattic\WooCommerce\Internal\Admin\{closure}()
#20 C:\xampp\htdocs\wordpress\wp-content\plugins\woocommerce\packages\woocommerce-blocks\src\Assets\AssetDataRegistry.php(359): Automattic\WooCommerce\Blocks\Assets\AssetDataRegistry->execute_lazy_data()
#21 C:\xampp\htdocs\wordpress\wp-includes\class-wp-hook.php(307): Automattic\WooCommerce\Blocks\Assets\AssetDataRegistry->enqueue_asset_data('')
#22 C:\xampp\htdocs\wordpress\wp-includes\class-wp-hook.php(331): WP_Hook->apply_filters('', Array)
#23 C:\xampp\htdocs\wordpress\wp-includes\plugin.php(476): WP_Hook->do_action(Array)
#24 C:\xampp\htdocs\wordpress\wp-admin\admin-footer.php(95): do_action('admin_print_foo...')
#25 C:\xampp\htdocs\wordpress\wp-admin\admin.php(297): require_once('C:\\xampp\\htdocs...')
#26 {main}

Next MailPoetVendor\Doctrine\DBAL\Exception\DriverException: An exception occurred in driver: SQLSTATE[HY000] [1231] Variable 'character_set_client' can't be set to the value of 'utf16' in C:\xampp\htdocs\wordpress\wp-content\plugins\mailpoet\vendor-prefixed\doctrine\dbal\lib\Doctrine\DBAL\Driver\AbstractMySQLDriver.php:102
Stack trace:
#0 C:\xampp\htdocs\wordpress\wp-content\plugins\mailpoet\vendor-prefixed\doctrine\dbal\lib\Doctrine\DBAL\DBALException.php(77): MailPoetVendor\Doctrine\DBAL\Driver\AbstractMySQLDriver->convertException('An exception oc...', Object(MailPoetVendor\Doctrine\DBAL\Driver\PDO\Exception))
#1 C:\xampp\htdocs\wordpress\wp-content\plugins\mailpoet\vendor-prefixed\doctrine\dbal\lib\Doctrine\DBAL\DBALException.php(69): MailPoetVendor\Doctrine\DBAL\DBALException::wrapException(Object(MailPoetVendor\Doctrine\DBAL\Driver\PDO\MySQL\Driver), Object(MailPoetVendor\Doctrine\DBAL\Driver\PDO\Exception), 'An exception oc...')
#2 C:\xampp\htdocs\wordpress\wp-content\plugins\mailpoet\vendor-prefixed\doctrine\dbal\lib\Doctrine\DBAL\Driver\PDOMySql\Driver.php(16): MailPoetVendor\Doctrine\DBAL\DBALException::driverException(Object(MailPoetVendor\Doctrine\DBAL\Driver\PDO\MySQL\Driver), Object(MailPoetVendor\Doctrine\DBAL\Driver\PDO\Exception))
#3 C:\xampp\htdocs\wordpress\wp-content\plugins\mailpoet\vendor-prefixed\doctrine\dbal\lib\Doctrine\DBAL\Connection.php(149): MailPoetVendor\Doctrine\DBAL\Driver\PDOMySql\Driver->connect(Array, 'root', '', Array)
#4 C:\xampp\htdocs\wordpress\wp-content\plugins\mailpoet\vendor-prefixed\doctrine\dbal\lib\Doctrine\DBAL\Connection.php(806): MailPoetVendor\Doctrine\DBAL\Connection->connect()
#5 C:\xampp\htdocs\wordpress\wp-content\plugins\mailpoet\vendor-prefixed\doctrine\dbal\lib\Doctrine\DBAL\Connection.php(484): MailPoetVendor\Doctrine\DBAL\Connection->getWrappedConnection()
#6 C:\xampp\htdocs\wordpress\wp-content\plugins\mailpoet\vendor-prefixed\doctrine\orm\lib\Doctrine\ORM\Persisters\Entity\BasicEntityPersister.php(476): MailPoetVendor\Doctrine\DBAL\Connection->executeQuery('SELECT t0.name ...', Array, Array)
#7 C:\xampp\htdocs\wordpress\wp-content\plugins\mailpoet\vendor-prefixed\doctrine\orm\lib\Doctrine\ORM\EntityRepository.php(73): MailPoetVendor\Doctrine\ORM\Persisters\Entity\BasicEntityPersister->loadAll(Array, NULL, NULL, NULL)
#8 C:\xampp\htdocs\wordpress\wp-content\plugins\mailpoet\vendor-prefixed\doctrine\orm\lib\Doctrine\ORM\EntityRepository.php(68): MailPoetVendor\Doctrine\ORM\EntityRepository->findBy(Array)
#9 C:\xampp\htdocs\wordpress\wp-content\plugins\mailpoet\lib\Doctrine\Repository.php(84): MailPoetVendor\Doctrine\ORM\EntityRepository->findAll()
#10 C:\xampp\htdocs\wordpress\wp-content\plugins\mailpoet\lib\Settings\SettingsController.php(137): MailPoet\Doctrine\Repository->findAll()
#11 C:\xampp\htdocs\wordpress\wp-content\plugins\mailpoet\lib\Settings\SettingsController.php(38): MailPoet\Settings\SettingsController->ensureLoaded()
#12 C:\xampp\htdocs\wordpress\wp-content\plugins\mailpoet\lib\Config\Changelog.php(84): MailPoet\Settings\SettingsController->get('version')
#13 C:\xampp\htdocs\wordpress\wp-content\plugins\mailpoet\lib\API\MP\v1\API.php(100): MailPoet\Config\Changelog->shouldShowWelcomeWizard()
#14 C:\xampp\htdocs\wordpress\wp-content\plugins\woocommerce\src\Admin\Marketing\InstalledExtensions.php(370): MailPoet\API\MP\v1\API->isSetupComplete()
#15 C:\xampp\htdocs\wordpress\wp-content\plugins\woocommerce\src\Admin\Marketing\InstalledExtensions.php(31): Automattic\WooCommerce\Admin\Marketing\InstalledExtensions::get_mailpoet_extension_data()
#16 C:\xampp\htdocs\wordpress\wp-content\plugins\woocommerce\src\Internal\Admin\Marketing.php(183): Automattic\WooCommerce\Admin\Marketing\InstalledExtensions::get_data()
#17 C:\xampp\htdocs\wordpress\wp-includes\class-wp-hook.php(307): Automattic\WooCommerce\Internal\Admin\Marketing->component_settings(Array)
#18 C:\xampp\htdocs\wordpress\wp-includes\plugin.php(191): WP_Hook->apply_filters(Array, Array)
#19 C:\xampp\htdocs\wordpress\wp-content\plugins\woocommerce\src\Internal\Admin\WCAdminSharedSettings.php(61): apply_filters('woocommerce_adm...', Array)
#20 C:\xampp\htdocs\wordpress\wp-content\plugins\woocommerce\packages\woocommerce-blocks\src\Assets\AssetDataRegistry.php(258): Automattic\WooCommerce\Internal\Admin\WCAdminSharedSettings->Automattic\WooCommerce\Internal\Admin\{closure}()
#21 C:\xampp\htdocs\wordpress\wp-content\plugins\woocommerce\packages\woocommerce-blocks\src\Assets\AssetDataRegistry.php(359): Automattic\WooCommerce\Blocks\Assets\AssetDataRegistry->execute_lazy_data()
#22 C:\xampp\htdocs\wordpress\wp-includes\class-wp-hook.php(307): Automattic\WooCommerce\Blocks\Assets\AssetDataRegistry->enqueue_asset_data('')
#23 C:\xampp\htdocs\wordpress\wp-includes\class-wp-hook.php(331): WP_Hook->apply_filters('', Array)
#24 C:\xampp\htdocs\wordpress\wp-includes\plugin.php(476): WP_Hook->do_action(Array)
#25 C:\xampp\htdocs\wordpress\wp-admin\admin-footer.php(95): do_action('admin_print_foo...')
#26 C:\xampp\htdocs\wordpress\wp-admin\admin.php(297): require_once('C:\\xampp\\htdocs...')
#27 {main}
  thrown in C:\xampp\htdocs\wordpress\wp-content\plugins\mailpoet\vendor-prefixed\doctrine\dbal\lib\Doctrine\DBAL\Driver\AbstractMySQLDriver.php on line 102

2022-10-24T11:20:56+00:00 CRITICAL Uncaught PDOException: SQLSTATE[HY000] [1231] Variable 'character_set_client' can't be set to the value of 'utf16' in C:\xampp\htdocs\wordpress\wp-content\plugins\mailpoet\vendor-prefixed\doctrine\dbal\lib\Doctrine\DBAL\Driver\PDOConnection.php:20
Stack trace:
#0 C:\xampp\htdocs\wordpress\wp-content\plugins\mailpoet\vendor-prefixed\doctrine\dbal\lib\Doctrine\DBAL\Driver\PDOConnection.php(20): PDO->__construct('mysql:host=loca...', 'root', '', Array)
#1 C:\xampp\htdocs\wordpress\wp-content\plugins\mailpoet\vendor-prefixed\doctrine\dbal\lib\Doctrine\DBAL\Driver\PDOMySql\Driver.php(14): MailPoetVendor\Doctrine\DBAL\Driver\PDOConnection->__construct('mysql:host=loca...', 'root', '', Array)
#2 C:\xampp\htdocs\wordpress\wp-content\plugins\mailpoet\vendor-prefixed\doctrine\dbal\lib\Doctrine\DBAL\Connection.php(149): MailPoetVendor\Doctrine\DBAL\Driver\PDOMySql\Driver->connect(Array, 'root', '', Array)
#3 C:\xampp\htdocs\wordpress\wp-content\plugins\mailpoet\vendor-prefixed\doctrine\dbal\lib\Doctrine\DBAL\Connection.php(806): MailPoetVendor\Doctrine\DBAL\Connection->connect()
#4 C:\xampp\htdocs\wordpress\wp-content\plugins\mailpoet\vendor-prefixed\doctrine\dbal\lib\Doctrine\DBAL\Connection.php(484): MailPoetVendor\Doctrine\DBAL\Connection->getWrappedConnection()
#5 C:\xampp\htdocs\wordpress\wp-content\plugins\mailpoet\vendor-prefixed\doctrine\orm\lib\Doctrine\ORM\Persisters\Entity\BasicEntityPersister.php(476): MailPoetVendor\Doctrine\DBAL\Connection->executeQuery('SELECT t0.name ...', Array, Array)
#6 C:\xampp\htdocs\wordpress\wp-content\plugins\mailpoet\vendor-prefixed\doctrine\orm\lib\Doctrine\ORM\EntityRepository.php(73): MailPoetVendor\Doctrine\ORM\Persisters\Entity\BasicEntityPersister->loadAll(Array, NULL, NULL, NULL)
#7 C:\xampp\htdocs\wordpress\wp-content\plugins\mailpoet\vendor-prefixed\doctrine\orm\lib\Doctrine\ORM\EntityRepository.php(68): MailPoetVendor\Doctrine\ORM\EntityRepository->findBy(Array)
#8 C:\xampp\htdocs\wordpress\wp-content\plugins\mailpoet\lib\Doctrine\Repository.php(84): MailPoetVendor\Doctrine\ORM\EntityRepository->findAll()
#9 C:\xampp\htdocs\wordpress\wp-content\plugins\mailpoet\lib\Settings\SettingsController.php(137): MailPoet\Doctrine\Repository->findAll()
#10 C:\xampp\htdocs\wordpress\wp-content\plugins\mailpoet\lib\Settings\SettingsController.php(38): MailPoet\Settings\SettingsController->ensureLoaded()
#11 C:\xampp\htdocs\wordpress\wp-content\plugins\mailpoet\lib\Config\Changelog.php(84): MailPoet\Settings\SettingsController->get('version')
#12 C:\xampp\htdocs\wordpress\wp-content\plugins\mailpoet\lib\API\MP\v1\API.php(100): MailPoet\Config\Changelog->shouldShowWelcomeWizard()
#13 C:\xampp\htdocs\wordpress\wp-content\plugins\woocommerce\src\Admin\Marketing\InstalledExtensions.php(370): MailPoet\API\MP\v1\API->isSetupComplete()
#14 C:\xampp\htdocs\wordpress\wp-content\plugins\woocommerce\src\Admin\Marketing\InstalledExtensions.php(31): Automattic\WooCommerce\Admin\Marketing\InstalledExtensions::get_mailpoet_extension_data()
#15 C:\xampp\htdocs\wordpress\wp-content\plugins\woocommerce\src\Internal\Admin\Marketing.php(183): Automattic\WooCommerce\Admin\Marketing\InstalledExtensions::get_data()
#16 C:\xampp\htdocs\wordpress\wp-includes\class-wp-hook.php(307): Automattic\WooCommerce\Internal\Admin\Marketing->component_settings(Array)
#17 C:\xampp\htdocs\wordpress\wp-includes\plugin.php(191): WP_Hook->apply_filters(Array, Array)
#18 C:\xampp\htdocs\wordpress\wp-content\plugins\woocommerce\src\Internal\Admin\WCAdminSharedSettings.php(61): apply_filters('woocommerce_adm...', Array)
#19 C:\xampp\htdocs\wordpress\wp-content\plugins\woocommerce\packages\woocommerce-blocks\src\Assets\AssetDataRegistry.php(258): Automattic\WooCommerce\Internal\Admin\WCAdminSharedSettings->Automattic\WooCommerce\Internal\Admin\{closure}()
#20 C:\xampp\htdocs\wordpress\wp-content\plugins\woocommerce\packages\woocommerce-blocks\src\Assets\AssetDataRegistry.php(359): Automattic\WooCommerce\Blocks\Assets\AssetDataRegistry->execute_lazy_data()
#21 C:\xampp\htdocs\wordpress\wp-includes\class-wp-hook.php(307): Automattic\WooCommerce\Blocks\Assets\AssetDataRegistry->enqueue_asset_data('')
#22 C:\xampp\htdocs\wordpress\wp-includes\class-wp-hook.php(331): WP_Hook->apply_filters('', Array)
#23 C:\xampp\htdocs\wordpress\wp-includes\plugin.php(476): WP_Hook->do_action(Array)
#24 C:\xampp\htdocs\wordpress\wp-admin\admin-footer.php(95): do_action('admin_print_foo...')
#25 C:\xampp\htdocs\wordpress\wp-admin\admin.php(297): require_once('C:\\xampp\\htdocs...')
#26 {main}

Next MailPoetVendor\Doctrine\DBAL\Driver\PDO\Exception: SQLSTATE[HY000] [1231] Variable 'character_set_client' can't be set to the value of 'utf16' in C:\xampp\htdocs\wordpress\wp-content\plugins\mailpoet\vendor-prefixed\doctrine\dbal\lib\Doctrine\DBAL\Driver\PDO\Exception.php:10
Stack trace:
#0 C:\xampp\htdocs\wordpress\wp-content\plugins\mailpoet\vendor-prefixed\doctrine\dbal\lib\Doctrine\DBAL\Driver\PDOConnection.php(24): MailPoetVendor\Doctrine\DBAL\Driver\PDO\Exception::new(Object(PDOException))
#1 C:\xampp\htdocs\wordpress\wp-content\plugins\mailpoet\vendor-prefixed\doctrine\dbal\lib\Doctrine\DBAL\Driver\PDOMySql\Driver.php(14): MailPoetVendor\Doctrine\DBAL\Driver\PDOConnection->__construct('mysql:host=loca...', 'root', '', Array)
#2 C:\xampp\htdocs\wordpress\wp-content\plugins\mailpoet\vendor-prefixed\doctrine\dbal\lib\Doctrine\DBAL\Connection.php(149): MailPoetVendor\Doctrine\DBAL\Driver\PDOMySql\Driver->connect(Array, 'root', '', Array)
#3 C:\xampp\htdocs\wordpress\wp-content\plugins\mailpoet\vendor-prefixed\doctrine\dbal\lib\Doctrine\DBAL\Connection.php(806): MailPoetVendor\Doctrine\DBAL\Connection->connect()
#4 C:\xampp\htdocs\wordpress\wp-content\plugins\mailpoet\vendor-prefixed\doctrine\dbal\lib\Doctrine\DBAL\Connection.php(484): MailPoetVendor\Doctrine\DBAL\Connection->getWrappedConnection()
#5 C:\xampp\htdocs\wordpress\wp-content\plugins\mailpoet\vendor-prefixed\doctrine\orm\lib\Doctrine\ORM\Persisters\Entity\BasicEntityPersister.php(476): MailPoetVendor\Doctrine\DBAL\Connection->executeQuery('SELECT t0.name ...', Array, Array)
#6 C:\xampp\htdocs\wordpress\wp-content\plugins\mailpoet\vendor-prefixed\doctrine\orm\lib\Doctrine\ORM\EntityRepository.php(73): MailPoetVendor\Doctrine\ORM\Persisters\Entity\BasicEntityPersister->loadAll(Array, NULL, NULL, NULL)
#7 C:\xampp\htdocs\wordpress\wp-content\plugins\mailpoet\vendor-prefixed\doctrine\orm\lib\Doctrine\ORM\EntityRepository.php(68): MailPoetVendor\Doctrine\ORM\EntityRepository->findBy(Array)
#8 C:\xampp\htdocs\wordpress\wp-content\plugins\mailpoet\lib\Doctrine\Repository.php(84): MailPoetVendor\Doctrine\ORM\EntityRepository->findAll()
#9 C:\xampp\htdocs\wordpress\wp-content\plugins\mailpoet\lib\Settings\SettingsController.php(137): MailPoet\Doctrine\Repository->findAll()
#10 C:\xampp\htdocs\wordpress\wp-content\plugins\mailpoet\lib\Settings\SettingsController.php(38): MailPoet\Settings\SettingsController->ensureLoaded()
#11 C:\xampp\htdocs\wordpress\wp-content\plugins\mailpoet\lib\Config\Changelog.php(84): MailPoet\Settings\SettingsController->get('version')
#12 C:\xampp\htdocs\wordpress\wp-content\plugins\mailpoet\lib\API\MP\v1\API.php(100): MailPoet\Config\Changelog->shouldShowWelcomeWizard()
#13 C:\xampp\htdocs\wordpress\wp-content\plugins\woocommerce\src\Admin\Marketing\InstalledExtensions.php(370): MailPoet\API\MP\v1\API->isSetupComplete()
#14 C:\xampp\htdocs\wordpress\wp-content\plugins\woocommerce\src\Admin\Marketing\InstalledExtensions.php(31): Automattic\WooCommerce\Admin\Marketing\InstalledExtensions::get_mailpoet_extension_data()
#15 C:\xampp\htdocs\wordpress\wp-content\plugins\woocommerce\src\Internal\Admin\Marketing.php(183): Automattic\WooCommerce\Admin\Marketing\InstalledExtensions::get_data()
#16 C:\xampp\htdocs\wordpress\wp-includes\class-wp-hook.php(307): Automattic\WooCommerce\Internal\Admin\Marketing->component_settings(Array)
#17 C:\xampp\htdocs\wordpress\wp-includes\plugin.php(191): WP_Hook->apply_filters(Array, Array)
#18 C:\xampp\htdocs\wordpress\wp-content\plugins\woocommerce\src\Internal\Admin\WCAdminSharedSettings.php(61): apply_filters('woocommerce_adm...', Array)
#19 C:\xampp\htdocs\wordpress\wp-content\plugins\woocommerce\packages\woocommerce-blocks\src\Assets\AssetDataRegistry.php(258): Automattic\WooCommerce\Internal\Admin\WCAdminSharedSettings->Automattic\WooCommerce\Internal\Admin\{closure}()
#20 C:\xampp\htdocs\wordpress\wp-content\plugins\woocommerce\packages\woocommerce-blocks\src\Assets\AssetDataRegistry.php(359): Automattic\WooCommerce\Blocks\Assets\AssetDataRegistry->execute_lazy_data()
#21 C:\xampp\htdocs\wordpress\wp-includes\class-wp-hook.php(307): Automattic\WooCommerce\Blocks\Assets\AssetDataRegistry->enqueue_asset_data('')
#22 C:\xampp\htdocs\wordpress\wp-includes\class-wp-hook.php(331): WP_Hook->apply_filters('', Array)
#23 C:\xampp\htdocs\wordpress\wp-includes\plugin.php(476): WP_Hook->do_action(Array)
#24 C:\xampp\htdocs\wordpress\wp-admin\admin-footer.php(95): do_action('admin_print_foo...')
#25 C:\xampp\htdocs\wordpress\wp-admin\admin.php(297): require_once('C:\\xampp\\htdocs...')
#26 {main}

Next MailPoetVendor\Doctrine\DBAL\Exception\DriverException: An exception occurred in driver: SQLSTATE[HY000] [1231] Variable 'character_set_client' can't be set to the value of 'utf16' in C:\xampp\htdocs\wordpress\wp-content\plugins\mailpoet\vendor-prefixed\doctrine\dbal\lib\Doctrine\DBAL\Driver\AbstractMySQLDriver.php:102
Stack trace:
#0 C:\xampp\htdocs\wordpress\wp-content\plugins\mailpoet\vendor-prefixed\doctrine\dbal\lib\Doctrine\DBAL\DBALException.php(77): MailPoetVendor\Doctrine\DBAL\Driver\AbstractMySQLDriver->convertException('An exception oc...', Object(MailPoetVendor\Doctrine\DBAL\Driver\PDO\Exception))
#1 C:\xampp\htdocs\wordpress\wp-content\plugins\mailpoet\vendor-prefixed\doctrine\dbal\lib\Doctrine\DBAL\DBALException.php(69): MailPoetVendor\Doctrine\DBAL\DBALException::wrapException(Object(MailPoetVendor\Doctrine\DBAL\Driver\PDO\MySQL\Driver), Object(MailPoetVendor\Doctrine\DBAL\Driver\PDO\Exception), 'An exception oc...')
#2 C:\xampp\htdocs\wordpress\wp-content\plugins\mailpoet\vendor-prefixed\doctrine\dbal\lib\Doctrine\DBAL\Driver\PDOMySql\Driver.php(16): MailPoetVendor\Doctrine\DBAL\DBALException::driverException(Object(MailPoetVendor\Doctrine\DBAL\Driver\PDO\MySQL\Driver), Object(MailPoetVendor\Doctrine\DBAL\Driver\PDO\Exception))
#3 C:\xampp\htdocs\wordpress\wp-content\plugins\mailpoet\vendor-prefixed\doctrine\dbal\lib\Doctrine\DBAL\Connection.php(149): MailPoetVendor\Doctrine\DBAL\Driver\PDOMySql\Driver->connect(Array, 'root', '', Array)
#4 C:\xampp\htdocs\wordpress\wp-content\plugins\mailpoet\vendor-prefixed\doctrine\dbal\lib\Doctrine\DBAL\Connection.php(806): MailPoetVendor\Doctrine\DBAL\Connection->connect()
#5 C:\xampp\htdocs\wordpress\wp-content\plugins\mailpoet\vendor-prefixed\doctrine\dbal\lib\Doctrine\DBAL\Connection.php(484): MailPoetVendor\Doctrine\DBAL\Connection->getWrappedConnection()
#6 C:\xampp\htdocs\wordpress\wp-content\plugins\mailpoet\vendor-prefixed\doctrine\orm\lib\Doctrine\ORM\Persisters\Entity\BasicEntityPersister.php(476): MailPoetVendor\Doctrine\DBAL\Connection->executeQuery('SELECT t0.name ...', Array, Array)
#7 C:\xampp\htdocs\wordpress\wp-content\plugins\mailpoet\vendor-prefixed\doctrine\orm\lib\Doctrine\ORM\EntityRepository.php(73): MailPoetVendor\Doctrine\ORM\Persisters\Entity\BasicEntityPersister->loadAll(Array, NULL, NULL, NULL)
#8 C:\xampp\htdocs\wordpress\wp-content\plugins\mailpoet\vendor-prefixed\doctrine\orm\lib\Doctrine\ORM\EntityRepository.php(68): MailPoetVendor\Doctrine\ORM\EntityRepository->findBy(Array)
#9 C:\xampp\htdocs\wordpress\wp-content\plugins\mailpoet\lib\Doctrine\Repository.php(84): MailPoetVendor\Doctrine\ORM\EntityRepository->findAll()
#10 C:\xampp\htdocs\wordpress\wp-content\plugins\mailpoet\lib\Settings\SettingsController.php(137): MailPoet\Doctrine\Repository->findAll()
#11 C:\xampp\htdocs\wordpress\wp-content\plugins\mailpoet\lib\Settings\SettingsController.php(38): MailPoet\Settings\SettingsController->ensureLoaded()
#12 C:\xampp\htdocs\wordpress\wp-content\plugins\mailpoet\lib\Config\Changelog.php(84): MailPoet\Settings\SettingsController->get('version')
#13 C:\xampp\htdocs\wordpress\wp-content\plugins\mailpoet\lib\API\MP\v1\API.php(100): MailPoet\Config\Changelog->shouldShowWelcomeWizard()
#14 C:\xampp\htdocs\wordpress\wp-content\plugins\woocommerce\src\Admin\Marketing\InstalledExtensions.php(370): MailPoet\API\MP\v1\API->isSetupComplete()
#15 C:\xampp\htdocs\wordpress\wp-content\plugins\woocommerce\src\Admin\Marketing\InstalledExtensions.php(31): Automattic\WooCommerce\Admin\Marketing\InstalledExtensions::get_mailpoet_extension_data()
#16 C:\xampp\htdocs\wordpress\wp-content\plugins\woocommerce\src\Internal\Admin\Marketing.php(183): Automattic\WooCommerce\Admin\Marketing\InstalledExtensions::get_data()
#17 C:\xampp\htdocs\wordpress\wp-includes\class-wp-hook.php(307): Automattic\WooCommerce\Internal\Admin\Marketing->component_settings(Array)
#18 C:\xampp\htdocs\wordpress\wp-includes\plugin.php(191): WP_Hook->apply_filters(Array, Array)
#19 C:\xampp\htdocs\wordpress\wp-content\plugins\woocommerce\src\Internal\Admin\WCAdminSharedSettings.php(61): apply_filters('woocommerce_adm...', Array)
#20 C:\xampp\htdocs\wordpress\wp-content\plugins\woocommerce\packages\woocommerce-blocks\src\Assets\AssetDataRegistry.php(258): Automattic\WooCommerce\Internal\Admin\WCAdminSharedSettings->Automattic\WooCommerce\Internal\Admin\{closure}()
#21 C:\xampp\htdocs\wordpress\wp-content\plugins\woocommerce\packages\woocommerce-blocks\src\Assets\AssetDataRegistry.php(359): Automattic\WooCommerce\Blocks\Assets\AssetDataRegistry->execute_lazy_data()
#22 C:\xampp\htdocs\wordpress\wp-includes\class-wp-hook.php(307): Automattic\WooCommerce\Blocks\Assets\AssetDataRegistry->enqueue_asset_data('')
#23 C:\xampp\htdocs\wordpress\wp-includes\class-wp-hook.php(331): WP_Hook->apply_filters('', Array)
#24 C:\xampp\htdocs\wordpress\wp-includes\plugin.php(476): WP_Hook->do_action(Array)
#25 C:\xampp\htdocs\wordpress\wp-admin\admin-footer.php(95): do_action('admin_print_foo...')
#26 C:\xampp\htdocs\wordpress\wp-admin\admin.php(297): require_once('C:\\xampp\\htdocs...')
#27 {main}
  thrown in C:\xampp\htdocs\wordpress\wp-content\plugins\mailpoet\vendor-prefixed\doctrine\dbal\lib\Doctrine\DBAL\Driver\AbstractMySQLDriver.php on line 102

2022-10-24T11:23:02+00:00 CRITICAL Uncaught PDOException: SQLSTATE[HY000] [1231] Variable 'character_set_client' can't be set to the value of 'utf16' in C:\xampp\htdocs\wordpress\wp-content\plugins\mailpoet\vendor-prefixed\doctrine\dbal\lib\Doctrine\DBAL\Driver\PDOConnection.php:20
Stack trace:
#0 C:\xampp\htdocs\wordpress\wp-content\plugins\mailpoet\vendor-prefixed\doctrine\dbal\lib\Doctrine\DBAL\Driver\PDOConnection.php(20): PDO->__construct('mysql:host=loca...', 'root', '', Array)
#1 C:\xampp\htdocs\wordpress\wp-content\plugins\mailpoet\vendor-prefixed\doctrine\dbal\lib\Doctrine\DBAL\Driver\PDOMySql\Driver.php(14): MailPoetVendor\Doctrine\DBAL\Driver\PDOConnection->__construct('mysql:host=loca...', 'root', '', Array)
#2 C:\xampp\htdocs\wordpress\wp-content\plugins\mailpoet\vendor-prefixed\doctrine\dbal\lib\Doctrine\DBAL\Connection.php(149): MailPoetVendor\Doctrine\DBAL\Driver\PDOMySql\Driver->connect(Array, 'root', '', Array)
#3 C:\xampp\htdocs\wordpress\wp-content\plugins\mailpoet\vendor-prefixed\doctrine\dbal\lib\Doctrine\DBAL\Connection.php(806): MailPoetVendor\Doctrine\DBAL\Connection->connect()
#4 C:\xampp\htdocs\wordpress\wp-content\plugins\mailpoet\vendor-prefixed\doctrine\dbal\lib\Doctrine\DBAL\Connection.php(484): MailPoetVendor\Doctrine\DBAL\Connection->getWrappedConnection()
#5 C:\xampp\htdocs\wordpress\wp-content\plugins\mailpoet\vendor-prefixed\doctrine\orm\lib\Doctrine\ORM\Persisters\Entity\BasicEntityPersister.php(476): MailPoetVendor\Doctrine\DBAL\Connection->executeQuery('SELECT t0.name ...', Array, Array)
#6 C:\xampp\htdocs\wordpress\wp-content\plugins\mailpoet\vendor-prefixed\doctrine\orm\lib\Doctrine\ORM\EntityRepository.php(73): MailPoetVendor\Doctrine\ORM\Persisters\Entity\BasicEntityPersister->loadAll(Array, NULL, NULL, NULL)
#7 C:\xampp\htdocs\wordpress\wp-content\plugins\mailpoet\vendor-prefixed\doctrine\orm\lib\Doctrine\ORM\EntityRepository.php(68): MailPoetVendor\Doctrine\ORM\EntityRepository->findBy(Array)
#8 C:\xampp\htdocs\wordpress\wp-content\plugins\mailpoet\lib\Doctrine\Repository.php(84): MailPoetVendor\Doctrine\ORM\EntityRepository->findAll()
#9 C:\xampp\htdocs\wordpress\wp-content\plugins\mailpoet\lib\Settings\SettingsController.php(137): MailPoet\Doctrine\Repository->findAll()
#10 C:\xampp\htdocs\wordpress\wp-content\plugins\mailpoet\lib\Settings\SettingsController.php(38): MailPoet\Settings\SettingsController->ensureLoaded()
#11 C:\xampp\htdocs\wordpress\wp-content\plugins\mailpoet\lib\Config\Changelog.php(84): MailPoet\Settings\SettingsController->get('version')
#12 C:\xampp\htdocs\wordpress\wp-content\plugins\mailpoet\lib\API\MP\v1\API.php(100): MailPoet\Config\Changelog->shouldShowWelcomeWizard()
#13 C:\xampp\htdocs\wordpress\wp-content\plugins\woocommerce\src\Admin\Marketing\InstalledExtensions.php(370): MailPoet\API\MP\v1\API->isSetupComplete()
#14 C:\xampp\htdocs\wordpress\wp-content\plugins\woocommerce\src\Admin\Marketing\InstalledExtensions.php(31): Automattic\WooCommerce\Admin\Marketing\InstalledExtensions::get_mailpoet_extension_data()
#15 C:\xampp\htdocs\wordpress\wp-content\plugins\woocommerce\src\Internal\Admin\Marketing.php(183): Automattic\WooCommerce\Admin\Marketing\InstalledExtensions::get_data()
#16 C:\xampp\htdocs\wordpress\wp-includes\class-wp-hook.php(307): Automattic\WooCommerce\Internal\Admin\Marketing->component_settings(Array)
#17 C:\xampp\htdocs\wordpress\wp-includes\plugin.php(191): WP_Hook->apply_filters(Array, Array)
#18 C:\xampp\htdocs\wordpress\wp-content\plugins\woocommerce\src\Internal\Admin\WCAdminSharedSettings.php(61): apply_filters('woocommerce_adm...', Array)
#19 C:\xampp\htdocs\wordpress\wp-content\plugins\woocommerce\packages\woocommerce-blocks\src\Assets\AssetDataRegistry.php(258): Automattic\WooCommerce\Internal\Admin\WCAdminSharedSettings->Automattic\WooCommerce\Internal\Admin\{closure}()
#20 C:\xampp\htdocs\wordpress\wp-content\plugins\woocommerce\packages\woocommerce-blocks\src\Assets\AssetDataRegistry.php(359): Automattic\WooCommerce\Blocks\Assets\AssetDataRegistry->execute_lazy_data()
#21 C:\xampp\htdocs\wordpress\wp-includes\class-wp-hook.php(307): Automattic\WooCommerce\Blocks\Assets\AssetDataRegistry->enqueue_asset_data('')
#22 C:\xampp\htdocs\wordpress\wp-includes\class-wp-hook.php(331): WP_Hook->apply_filters('', Array)
#23 C:\xampp\htdocs\wordpress\wp-includes\plugin.php(476): WP_Hook->do_action(Array)
#24 C:\xampp\htdocs\wordpress\wp-admin\admin-footer.php(95): do_action('admin_print_foo...')
#25 C:\xampp\htdocs\wordpress\wp-admin\admin.php(297): require_once('C:\\xampp\\htdocs...')
#26 {main}

Next MailPoetVendor\Doctrine\DBAL\Driver\PDO\Exception: SQLSTATE[HY000] [1231] Variable 'character_set_client' can't be set to the value of 'utf16' in C:\xampp\htdocs\wordpress\wp-content\plugins\mailpoet\vendor-prefixed\doctrine\dbal\lib\Doctrine\DBAL\Driver\PDO\Exception.php:10
Stack trace:
#0 C:\xampp\htdocs\wordpress\wp-content\plugins\mailpoet\vendor-prefixed\doctrine\dbal\lib\Doctrine\DBAL\Driver\PDOConnection.php(24): MailPoetVendor\Doctrine\DBAL\Driver\PDO\Exception::new(Object(PDOException))
#1 C:\xampp\htdocs\wordpress\wp-content\plugins\mailpoet\vendor-prefixed\doctrine\dbal\lib\Doctrine\DBAL\Driver\PDOMySql\Driver.php(14): MailPoetVendor\Doctrine\DBAL\Driver\PDOConnection->__construct('mysql:host=loca...', 'root', '', Array)
#2 C:\xampp\htdocs\wordpress\wp-content\plugins\mailpoet\vendor-prefixed\doctrine\dbal\lib\Doctrine\DBAL\Connection.php(149): MailPoetVendor\Doctrine\DBAL\Driver\PDOMySql\Driver->connect(Array, 'root', '', Array)
#3 C:\xampp\htdocs\wordpress\wp-content\plugins\mailpoet\vendor-prefixed\doctrine\dbal\lib\Doctrine\DBAL\Connection.php(806): MailPoetVendor\Doctrine\DBAL\Connection->connect()
#4 C:\xampp\htdocs\wordpress\wp-content\plugins\mailpoet\vendor-prefixed\doctrine\dbal\lib\Doctrine\DBAL\Connection.php(484): MailPoetVendor\Doctrine\DBAL\Connection->getWrappedConnection()
#5 C:\xampp\htdocs\wordpress\wp-content\plugins\mailpoet\vendor-prefixed\doctrine\orm\lib\Doctrine\ORM\Persisters\Entity\BasicEntityPersister.php(476): MailPoetVendor\Doctrine\DBAL\Connection->executeQuery('SELECT t0.name ...', Array, Array)
#6 C:\xampp\htdocs\wordpress\wp-content\plugins\mailpoet\vendor-prefixed\doctrine\orm\lib\Doctrine\ORM\EntityRepository.php(73): MailPoetVendor\Doctrine\ORM\Persisters\Entity\BasicEntityPersister->loadAll(Array, NULL, NULL, NULL)
#7 C:\xampp\htdocs\wordpress\wp-content\plugins\mailpoet\vendor-prefixed\doctrine\orm\lib\Doctrine\ORM\EntityRepository.php(68): MailPoetVendor\Doctrine\ORM\EntityRepository->findBy(Array)
#8 C:\xampp\htdocs\wordpress\wp-content\plugins\mailpoet\lib\Doctrine\Repository.php(84): MailPoetVendor\Doctrine\ORM\EntityRepository->findAll()
#9 C:\xampp\htdocs\wordpress\wp-content\plugins\mailpoet\lib\Settings\SettingsController.php(137): MailPoet\Doctrine\Repository->findAll()
#10 C:\xampp\htdocs\wordpress\wp-content\plugins\mailpoet\lib\Settings\SettingsController.php(38): MailPoet\Settings\SettingsController->ensureLoaded()
#11 C:\xampp\htdocs\wordpress\wp-content\plugins\mailpoet\lib\Config\Changelog.php(84): MailPoet\Settings\SettingsController->get('version')
#12 C:\xampp\htdocs\wordpress\wp-content\plugins\mailpoet\lib\API\MP\v1\API.php(100): MailPoet\Config\Changelog->shouldShowWelcomeWizard()
#13 C:\xampp\htdocs\wordpress\wp-content\plugins\woocommerce\src\Admin\Marketing\InstalledExtensions.php(370): MailPoet\API\MP\v1\API->isSetupComplete()
#14 C:\xampp\htdocs\wordpress\wp-content\plugins\woocommerce\src\Admin\Marketing\InstalledExtensions.php(31): Automattic\WooCommerce\Admin\Marketing\InstalledExtensions::get_mailpoet_extension_data()
#15 C:\xampp\htdocs\wordpress\wp-content\plugins\woocommerce\src\Internal\Admin\Marketing.php(183): Automattic\WooCommerce\Admin\Marketing\InstalledExtensions::get_data()
#16 C:\xampp\htdocs\wordpress\wp-includes\class-wp-hook.php(307): Automattic\WooCommerce\Internal\Admin\Marketing->component_settings(Array)
#17 C:\xampp\htdocs\wordpress\wp-includes\plugin.php(191): WP_Hook->apply_filters(Array, Array)
#18 C:\xampp\htdocs\wordpress\wp-content\plugins\woocommerce\src\Internal\Admin\WCAdminSharedSettings.php(61): apply_filters('woocommerce_adm...', Array)
#19 C:\xampp\htdocs\wordpress\wp-content\plugins\woocommerce\packages\woocommerce-blocks\src\Assets\AssetDataRegistry.php(258): Automattic\WooCommerce\Internal\Admin\WCAdminSharedSettings->Automattic\WooCommerce\Internal\Admin\{closure}()
#20 C:\xampp\htdocs\wordpress\wp-content\plugins\woocommerce\packages\woocommerce-blocks\src\Assets\AssetDataRegistry.php(359): Automattic\WooCommerce\Blocks\Assets\AssetDataRegistry->execute_lazy_data()
#21 C:\xampp\htdocs\wordpress\wp-includes\class-wp-hook.php(307): Automattic\WooCommerce\Blocks\Assets\AssetDataRegistry->enqueue_asset_data('')
#22 C:\xampp\htdocs\wordpress\wp-includes\class-wp-hook.php(331): WP_Hook->apply_filters('', Array)
#23 C:\xampp\htdocs\wordpress\wp-includes\plugin.php(476): WP_Hook->do_action(Array)
#24 C:\xampp\htdocs\wordpress\wp-admin\admin-footer.php(95): do_action('admin_print_foo...')
#25 C:\xampp\htdocs\wordpress\wp-admin\admin.php(297): require_once('C:\\xampp\\htdocs...')
#26 {main}

Next MailPoetVendor\Doctrine\DBAL\Exception\DriverException: An exception occurred in driver: SQLSTATE[HY000] [1231] Variable 'character_set_client' can't be set to the value of 'utf16' in C:\xampp\htdocs\wordpress\wp-content\plugins\mailpoet\vendor-prefixed\doctrine\dbal\lib\Doctrine\DBAL\Driver\AbstractMySQLDriver.php:102
Stack trace:
#0 C:\xampp\htdocs\wordpress\wp-content\plugins\mailpoet\vendor-prefixed\doctrine\dbal\lib\Doctrine\DBAL\DBALException.php(77): MailPoetVendor\Doctrine\DBAL\Driver\AbstractMySQLDriver->convertException('An exception oc...', Object(MailPoetVendor\Doctrine\DBAL\Driver\PDO\Exception))
#1 C:\xampp\htdocs\wordpress\wp-content\plugins\mailpoet\vendor-prefixed\doctrine\dbal\lib\Doctrine\DBAL\DBALException.php(69): MailPoetVendor\Doctrine\DBAL\DBALException::wrapException(Object(MailPoetVendor\Doctrine\DBAL\Driver\PDO\MySQL\Driver), Object(MailPoetVendor\Doctrine\DBAL\Driver\PDO\Exception), 'An exception oc...')
#2 C:\xampp\htdocs\wordpress\wp-content\plugins\mailpoet\vendor-prefixed\doctrine\dbal\lib\Doctrine\DBAL\Driver\PDOMySql\Driver.php(16): MailPoetVendor\Doctrine\DBAL\DBALException::driverException(Object(MailPoetVendor\Doctrine\DBAL\Driver\PDO\MySQL\Driver), Object(MailPoetVendor\Doctrine\DBAL\Driver\PDO\Exception))
#3 C:\xampp\htdocs\wordpress\wp-content\plugins\mailpoet\vendor-prefixed\doctrine\dbal\lib\Doctrine\DBAL\Connection.php(149): MailPoetVendor\Doctrine\DBAL\Driver\PDOMySql\Driver->connect(Array, 'root', '', Array)
#4 C:\xampp\htdocs\wordpress\wp-content\plugins\mailpoet\vendor-prefixed\doctrine\dbal\lib\Doctrine\DBAL\Connection.php(806): MailPoetVendor\Doctrine\DBAL\Connection->connect()
#5 C:\xampp\htdocs\wordpress\wp-content\plugins\mailpoet\vendor-prefixed\doctrine\dbal\lib\Doctrine\DBAL\Connection.php(484): MailPoetVendor\Doctrine\DBAL\Connection->getWrappedConnection()
#6 C:\xampp\htdocs\wordpress\wp-content\plugins\mailpoet\vendor-prefixed\doctrine\orm\lib\Doctrine\ORM\Persisters\Entity\BasicEntityPersister.php(476): MailPoetVendor\Doctrine\DBAL\Connection->executeQuery('SELECT t0.name ...', Array, Array)
#7 C:\xampp\htdocs\wordpress\wp-content\plugins\mailpoet\vendor-prefixed\doctrine\orm\lib\Doctrine\ORM\EntityRepository.php(73): MailPoetVendor\Doctrine\ORM\Persisters\Entity\BasicEntityPersister->loadAll(Array, NULL, NULL, NULL)
#8 C:\xampp\htdocs\wordpress\wp-content\plugins\mailpoet\vendor-prefixed\doctrine\orm\lib\Doctrine\ORM\EntityRepository.php(68): MailPoetVendor\Doctrine\ORM\EntityRepository->findBy(Array)
#9 C:\xampp\htdocs\wordpress\wp-content\plugins\mailpoet\lib\Doctrine\Repository.php(84): MailPoetVendor\Doctrine\ORM\EntityRepository->findAll()
#10 C:\xampp\htdocs\wordpress\wp-content\plugins\mailpoet\lib\Settings\SettingsController.php(137): MailPoet\Doctrine\Repository->findAll()
#11 C:\xampp\htdocs\wordpress\wp-content\plugins\mailpoet\lib\Settings\SettingsController.php(38): MailPoet\Settings\SettingsController->ensureLoaded()
#12 C:\xampp\htdocs\wordpress\wp-content\plugins\mailpoet\lib\Config\Changelog.php(84): MailPoet\Settings\SettingsController->get('version')
#13 C:\xampp\htdocs\wordpress\wp-content\plugins\mailpoet\lib\API\MP\v1\API.php(100): MailPoet\Config\Changelog->shouldShowWelcomeWizard()
#14 C:\xampp\htdocs\wordpress\wp-content\plugins\woocommerce\src\Admin\Marketing\InstalledExtensions.php(370): MailPoet\API\MP\v1\API->isSetupComplete()
#15 C:\xampp\htdocs\wordpress\wp-content\plugins\woocommerce\src\Admin\Marketing\InstalledExtensions.php(31): Automattic\WooCommerce\Admin\Marketing\InstalledExtensions::get_mailpoet_extension_data()
#16 C:\xampp\htdocs\wordpress\wp-content\plugins\woocommerce\src\Internal\Admin\Marketing.php(183): Automattic\WooCommerce\Admin\Marketing\InstalledExtensions::get_data()
#17 C:\xampp\htdocs\wordpress\wp-includes\class-wp-hook.php(307): Automattic\WooCommerce\Internal\Admin\Marketing->component_settings(Array)
#18 C:\xampp\htdocs\wordpress\wp-includes\plugin.php(191): WP_Hook->apply_filters(Array, Array)
#19 C:\xampp\htdocs\wordpress\wp-content\plugins\woocommerce\src\Internal\Admin\WCAdminSharedSettings.php(61): apply_filters('woocommerce_adm...', Array)
#20 C:\xampp\htdocs\wordpress\wp-content\plugins\woocommerce\packages\woocommerce-blocks\src\Assets\AssetDataRegistry.php(258): Automattic\WooCommerce\Internal\Admin\WCAdminSharedSettings->Automattic\WooCommerce\Internal\Admin\{closure}()
#21 C:\xampp\htdocs\wordpress\wp-content\plugins\woocommerce\packages\woocommerce-blocks\src\Assets\AssetDataRegistry.php(359): Automattic\WooCommerce\Blocks\Assets\AssetDataRegistry->execute_lazy_data()
#22 C:\xampp\htdocs\wordpress\wp-includes\class-wp-hook.php(307): Automattic\WooCommerce\Blocks\Assets\AssetDataRegistry->enqueue_asset_data('')
#23 C:\xampp\htdocs\wordpress\wp-includes\class-wp-hook.php(331): WP_Hook->apply_filters('', Array)
#24 C:\xampp\htdocs\wordpress\wp-includes\plugin.php(476): WP_Hook->do_action(Array)
#25 C:\xampp\htdocs\wordpress\wp-admin\admin-footer.php(95): do_action('admin_print_foo...')
#26 C:\xampp\htdocs\wordpress\wp-admin\admin.php(297): require_once('C:\\xampp\\htdocs...')
#27 {main}
  thrown in C:\xampp\htdocs\wordpress\wp-content\plugins\mailpoet\vendor-prefixed\doctrine\dbal\lib\Doctrine\DBAL\Driver\AbstractMySQLDriver.php on line 102

2022-10-24T11:26:50+00:00 CRITICAL Uncaught PDOException: SQLSTATE[HY000] [1231] Variable 'character_set_client' can't be set to the value of 'utf16' in C:\xampp\htdocs\wordpress\wp-content\plugins\mailpoet\vendor-prefixed\doctrine\dbal\lib\Doctrine\DBAL\Driver\PDOConnection.php:20
Stack trace:
#0 C:\xampp\htdocs\wordpress\wp-content\plugins\mailpoet\vendor-prefixed\doctrine\dbal\lib\Doctrine\DBAL\Driver\PDOConnection.php(20): PDO->__construct('mysql:host=loca...', 'root', '', Array)
#1 C:\xampp\htdocs\wordpress\wp-content\plugins\mailpoet\vendor-prefixed\doctrine\dbal\lib\Doctrine\DBAL\Driver\PDOMySql\Driver.php(14): MailPoetVendor\Doctrine\DBAL\Driver\PDOConnection->__construct('mysql:host=loca...', 'root', '', Array)
#2 C:\xampp\htdocs\wordpress\wp-content\plugins\mailpoet\vendor-prefixed\doctrine\dbal\lib\Doctrine\DBAL\Connection.php(149): MailPoetVendor\Doctrine\DBAL\Driver\PDOMySql\Driver->connect(Array, 'root', '', Array)
#3 C:\xampp\htdocs\wordpress\wp-content\plugins\mailpoet\vendor-prefixed\doctrine\dbal\lib\Doctrine\DBAL\Connection.php(806): MailPoetVendor\Doctrine\DBAL\Connection->connect()
#4 C:\xampp\htdocs\wordpress\wp-content\plugins\mailpoet\vendor-prefixed\doctrine\dbal\lib\Doctrine\DBAL\Connection.php(484): MailPoetVendor\Doctrine\DBAL\Connection->getWrappedConnection()
#5 C:\xampp\htdocs\wordpress\wp-content\plugins\mailpoet\vendor-prefixed\doctrine\orm\lib\Doctrine\ORM\Persisters\Entity\BasicEntityPersister.php(476): MailPoetVendor\Doctrine\DBAL\Connection->executeQuery('SELECT t0.name ...', Array, Array)
#6 C:\xampp\htdocs\wordpress\wp-content\plugins\mailpoet\vendor-prefixed\doctrine\orm\lib\Doctrine\ORM\EntityRepository.php(73): MailPoetVendor\Doctrine\ORM\Persisters\Entity\BasicEntityPersister->loadAll(Array, NULL, NULL, NULL)
#7 C:\xampp\htdocs\wordpress\wp-content\plugins\mailpoet\vendor-prefixed\doctrine\orm\lib\Doctrine\ORM\EntityRepository.php(68): MailPoetVendor\Doctrine\ORM\EntityRepository->findBy(Array)
#8 C:\xampp\htdocs\wordpress\wp-content\plugins\mailpoet\lib\Doctrine\Repository.php(84): MailPoetVendor\Doctrine\ORM\EntityRepository->findAll()
#9 C:\xampp\htdocs\wordpress\wp-content\plugins\mailpoet\lib\Settings\SettingsController.php(137): MailPoet\Doctrine\Repository->findAll()
#10 C:\xampp\htdocs\wordpress\wp-content\plugins\mailpoet\lib\Settings\SettingsController.php(38): MailPoet\Settings\SettingsController->ensureLoaded()
#11 C:\xampp\htdocs\wordpress\wp-content\plugins\mailpoet\lib\Config\Changelog.php(84): MailPoet\Settings\SettingsController->get('version')
#12 C:\xampp\htdocs\wordpress\wp-content\plugins\mailpoet\lib\API\MP\v1\API.php(100): MailPoet\Config\Changelog->shouldShowWelcomeWizard()
#13 C:\xampp\htdocs\wordpress\wp-content\plugins\woocommerce\src\Admin\Marketing\InstalledExtensions.php(370): MailPoet\API\MP\v1\API->isSetupComplete()
#14 C:\xampp\htdocs\wordpress\wp-content\plugins\woocommerce\src\Admin\Marketing\InstalledExtensions.php(31): Automattic\WooCommerce\Admin\Marketing\InstalledExtensions::get_mailpoet_extension_data()
#15 C:\xampp\htdocs\wordpress\wp-content\plugins\woocommerce\src\Internal\Admin\Marketing.php(183): Automattic\WooCommerce\Admin\Marketing\InstalledExtensions::get_data()
#16 C:\xampp\htdocs\wordpress\wp-includes\class-wp-hook.php(307): Automattic\WooCommerce\Internal\Admin\Marketing->component_settings(Array)
#17 C:\xampp\htdocs\wordpress\wp-includes\plugin.php(191): WP_Hook->apply_filters(Array, Array)
#18 C:\xampp\htdocs\wordpress\wp-content\plugins\woocommerce\src\Internal\Admin\WCAdminSharedSettings.php(61): apply_filters('woocommerce_adm...', Array)
#19 C:\xampp\htdocs\wordpress\wp-content\plugins\woocommerce\packages\woocommerce-blocks\src\Assets\AssetDataRegistry.php(258): Automattic\WooCommerce\Internal\Admin\WCAdminSharedSettings->Automattic\WooCommerce\Internal\Admin\{closure}()
#20 C:\xampp\htdocs\wordpress\wp-content\plugins\woocommerce\packages\woocommerce-blocks\src\Assets\AssetDataRegistry.php(359): Automattic\WooCommerce\Blocks\Assets\AssetDataRegistry->execute_lazy_data()
#21 C:\xampp\htdocs\wordpress\wp-includes\class-wp-hook.php(307): Automattic\WooCommerce\Blocks\Assets\AssetDataRegistry->enqueue_asset_data('')
#22 C:\xampp\htdocs\wordpress\wp-includes\class-wp-hook.php(331): WP_Hook->apply_filters('', Array)
#23 C:\xampp\htdocs\wordpress\wp-includes\plugin.php(476): WP_Hook->do_action(Array)
#24 C:\xampp\htdocs\wordpress\wp-admin\admin-footer.php(95): do_action('admin_print_foo...')
#25 C:\xampp\htdocs\wordpress\wp-admin\admin.php(297): require_once('C:\\xampp\\htdocs...')
#26 {main}

Next MailPoetVendor\Doctrine\DBAL\Driver\PDO\Exception: SQLSTATE[HY000] [1231] Variable 'character_set_client' can't be set to the value of 'utf16' in C:\xampp\htdocs\wordpress\wp-content\plugins\mailpoet\vendor-prefixed\doctrine\dbal\lib\Doctrine\DBAL\Driver\PDO\Exception.php:10
Stack trace:
#0 C:\xampp\htdocs\wordpress\wp-content\plugins\mailpoet\vendor-prefixed\doctrine\dbal\lib\Doctrine\DBAL\Driver\PDOConnection.php(24): MailPoetVendor\Doctrine\DBAL\Driver\PDO\Exception::new(Object(PDOException))
#1 C:\xampp\htdocs\wordpress\wp-content\plugins\mailpoet\vendor-prefixed\doctrine\dbal\lib\Doctrine\DBAL\Driver\PDOMySql\Driver.php(14): MailPoetVendor\Doctrine\DBAL\Driver\PDOConnection->__construct('mysql:host=loca...', 'root', '', Array)
#2 C:\xampp\htdocs\wordpress\wp-content\plugins\mailpoet\vendor-prefixed\doctrine\dbal\lib\Doctrine\DBAL\Connection.php(149): MailPoetVendor\Doctrine\DBAL\Driver\PDOMySql\Driver->connect(Array, 'root', '', Array)
#3 C:\xampp\htdocs\wordpress\wp-content\plugins\mailpoet\vendor-prefixed\doctrine\dbal\lib\Doctrine\DBAL\Connection.php(806): MailPoetVendor\Doctrine\DBAL\Connection->connect()
#4 C:\xampp\htdocs\wordpress\wp-content\plugins\mailpoet\vendor-prefixed\doctrine\dbal\lib\Doctrine\DBAL\Connection.php(484): MailPoetVendor\Doctrine\DBAL\Connection->getWrappedConnection()
#5 C:\xampp\htdocs\wordpress\wp-content\plugins\mailpoet\vendor-prefixed\doctrine\orm\lib\Doctrine\ORM\Persisters\Entity\BasicEntityPersister.php(476): MailPoetVendor\Doctrine\DBAL\Connection->executeQuery('SELECT t0.name ...', Array, Array)
#6 C:\xampp\htdocs\wordpress\wp-content\plugins\mailpoet\vendor-prefixed\doctrine\orm\lib\Doctrine\ORM\EntityRepository.php(73): MailPoetVendor\Doctrine\ORM\Persisters\Entity\BasicEntityPersister->loadAll(Array, NULL, NULL, NULL)
#7 C:\xampp\htdocs\wordpress\wp-content\plugins\mailpoet\vendor-prefixed\doctrine\orm\lib\Doctrine\ORM\EntityRepository.php(68): MailPoetVendor\Doctrine\ORM\EntityRepository->findBy(Array)
#8 C:\xampp\htdocs\wordpress\wp-content\plugins\mailpoet\lib\Doctrine\Repository.php(84): MailPoetVendor\Doctrine\ORM\EntityRepository->findAll()
#9 C:\xampp\htdocs\wordpress\wp-content\plugins\mailpoet\lib\Settings\SettingsController.php(137): MailPoet\Doctrine\Repository->findAll()
#10 C:\xampp\htdocs\wordpress\wp-content\plugins\mailpoet\lib\Settings\SettingsController.php(38): MailPoet\Settings\SettingsController->ensureLoaded()
#11 C:\xampp\htdocs\wordpress\wp-content\plugins\mailpoet\lib\Config\Changelog.php(84): MailPoet\Settings\SettingsController->get('version')
#12 C:\xampp\htdocs\wordpress\wp-content\plugins\mailpoet\lib\API\MP\v1\API.php(100): MailPoet\Config\Changelog->shouldShowWelcomeWizard()
#13 C:\xampp\htdocs\wordpress\wp-content\plugins\woocommerce\src\Admin\Marketing\InstalledExtensions.php(370): MailPoet\API\MP\v1\API->isSetupComplete()
#14 C:\xampp\htdocs\wordpress\wp-content\plugins\woocommerce\src\Admin\Marketing\InstalledExtensions.php(31): Automattic\WooCommerce\Admin\Marketing\InstalledExtensions::get_mailpoet_extension_data()
#15 C:\xampp\htdocs\wordpress\wp-content\plugins\woocommerce\src\Internal\Admin\Marketing.php(183): Automattic\WooCommerce\Admin\Marketing\InstalledExtensions::get_data()
#16 C:\xampp\htdocs\wordpress\wp-includes\class-wp-hook.php(307): Automattic\WooCommerce\Internal\Admin\Marketing->component_settings(Array)
#17 C:\xampp\htdocs\wordpress\wp-includes\plugin.php(191): WP_Hook->apply_filters(Array, Array)
#18 C:\xampp\htdocs\wordpress\wp-content\plugins\woocommerce\src\Internal\Admin\WCAdminSharedSettings.php(61): apply_filters('woocommerce_adm...', Array)
#19 C:\xampp\htdocs\wordpress\wp-content\plugins\woocommerce\packages\woocommerce-blocks\src\Assets\AssetDataRegistry.php(258): Automattic\WooCommerce\Internal\Admin\WCAdminSharedSettings->Automattic\WooCommerce\Internal\Admin\{closure}()
#20 C:\xampp\htdocs\wordpress\wp-content\plugins\woocommerce\packages\woocommerce-blocks\src\Assets\AssetDataRegistry.php(359): Automattic\WooCommerce\Blocks\Assets\AssetDataRegistry->execute_lazy_data()
#21 C:\xampp\htdocs\wordpress\wp-includes\class-wp-hook.php(307): Automattic\WooCommerce\Blocks\Assets\AssetDataRegistry->enqueue_asset_data('')
#22 C:\xampp\htdocs\wordpress\wp-includes\class-wp-hook.php(331): WP_Hook->apply_filters('', Array)
#23 C:\xampp\htdocs\wordpress\wp-includes\plugin.php(476): WP_Hook->do_action(Array)
#24 C:\xampp\htdocs\wordpress\wp-admin\admin-footer.php(95): do_action('admin_print_foo...')
#25 C:\xampp\htdocs\wordpress\wp-admin\admin.php(297): require_once('C:\\xampp\\htdocs...')
#26 {main}

Next MailPoetVendor\Doctrine\DBAL\Exception\DriverException: An exception occurred in driver: SQLSTATE[HY000] [1231] Variable 'character_set_client' can't be set to the value of 'utf16' in C:\xampp\htdocs\wordpress\wp-content\plugins\mailpoet\vendor-prefixed\doctrine\dbal\lib\Doctrine\DBAL\Driver\AbstractMySQLDriver.php:102
Stack trace:
#0 C:\xampp\htdocs\wordpress\wp-content\plugins\mailpoet\vendor-prefixed\doctrine\dbal\lib\Doctrine\DBAL\DBALException.php(77): MailPoetVendor\Doctrine\DBAL\Driver\AbstractMySQLDriver->convertException('An exception oc...', Object(MailPoetVendor\Doctrine\DBAL\Driver\PDO\Exception))
#1 C:\xampp\htdocs\wordpress\wp-content\plugins\mailpoet\vendor-prefixed\doctrine\dbal\lib\Doctrine\DBAL\DBALException.php(69): MailPoetVendor\Doctrine\DBAL\DBALException::wrapException(Object(MailPoetVendor\Doctrine\DBAL\Driver\PDO\MySQL\Driver), Object(MailPoetVendor\Doctrine\DBAL\Driver\PDO\Exception), 'An exception oc...')
#2 C:\xampp\htdocs\wordpress\wp-content\plugins\mailpoet\vendor-prefixed\doctrine\dbal\lib\Doctrine\DBAL\Driver\PDOMySql\Driver.php(16): MailPoetVendor\Doctrine\DBAL\DBALException::driverException(Object(MailPoetVendor\Doctrine\DBAL\Driver\PDO\MySQL\Driver), Object(MailPoetVendor\Doctrine\DBAL\Driver\PDO\Exception))
#3 C:\xampp\htdocs\wordpress\wp-content\plugins\mailpoet\vendor-prefixed\doctrine\dbal\lib\Doctrine\DBAL\Connection.php(149): MailPoetVendor\Doctrine\DBAL\Driver\PDOMySql\Driver->connect(Array, 'root', '', Array)
#4 C:\xampp\htdocs\wordpress\wp-content\plugins\mailpoet\vendor-prefixed\doctrine\dbal\lib\Doctrine\DBAL\Connection.php(806): MailPoetVendor\Doctrine\DBAL\Connection->connect()
#5 C:\xampp\htdocs\wordpress\wp-content\plugins\mailpoet\vendor-prefixed\doctrine\dbal\lib\Doctrine\DBAL\Connection.php(484): MailPoetVendor\Doctrine\DBAL\Connection->getWrappedConnection()
#6 C:\xampp\htdocs\wordpress\wp-content\plugins\mailpoet\vendor-prefixed\doctrine\orm\lib\Doctrine\ORM\Persisters\Entity\BasicEntityPersister.php(476): MailPoetVendor\Doctrine\DBAL\Connection->executeQuery('SELECT t0.name ...', Array, Array)
#7 C:\xampp\htdocs\wordpress\wp-content\plugins\mailpoet\vendor-prefixed\doctrine\orm\lib\Doctrine\ORM\EntityRepository.php(73): MailPoetVendor\Doctrine\ORM\Persisters\Entity\BasicEntityPersister->loadAll(Array, NULL, NULL, NULL)
#8 C:\xampp\htdocs\wordpress\wp-content\plugins\mailpoet\vendor-prefixed\doctrine\orm\lib\Doctrine\ORM\EntityRepository.php(68): MailPoetVendor\Doctrine\ORM\EntityRepository->findBy(Array)
#9 C:\xampp\htdocs\wordpress\wp-content\plugins\mailpoet\lib\Doctrine\Repository.php(84): MailPoetVendor\Doctrine\ORM\EntityRepository->findAll()
#10 C:\xampp\htdocs\wordpress\wp-content\plugins\mailpoet\lib\Settings\SettingsController.php(137): MailPoet\Doctrine\Repository->findAll()
#11 C:\xampp\htdocs\wordpress\wp-content\plugins\mailpoet\lib\Settings\SettingsController.php(38): MailPoet\Settings\SettingsController->ensureLoaded()
#12 C:\xampp\htdocs\wordpress\wp-content\plugins\mailpoet\lib\Config\Changelog.php(84): MailPoet\Settings\SettingsController->get('version')
#13 C:\xampp\htdocs\wordpress\wp-content\plugins\mailpoet\lib\API\MP\v1\API.php(100): MailPoet\Config\Changelog->shouldShowWelcomeWizard()
#14 C:\xampp\htdocs\wordpress\wp-content\plugins\woocommerce\src\Admin\Marketing\InstalledExtensions.php(370): MailPoet\API\MP\v1\API->isSetupComplete()
#15 C:\xampp\htdocs\wordpress\wp-content\plugins\woocommerce\src\Admin\Marketing\InstalledExtensions.php(31): Automattic\WooCommerce\Admin\Marketing\InstalledExtensions::get_mailpoet_extension_data()
#16 C:\xampp\htdocs\wordpress\wp-content\plugins\woocommerce\src\Internal\Admin\Marketing.php(183): Automattic\WooCommerce\Admin\Marketing\InstalledExtensions::get_data()
#17 C:\xampp\htdocs\wordpress\wp-includes\class-wp-hook.php(307): Automattic\WooCommerce\Internal\Admin\Marketing->component_settings(Array)
#18 C:\xampp\htdocs\wordpress\wp-includes\plugin.php(191): WP_Hook->apply_filters(Array, Array)
#19 C:\xampp\htdocs\wordpress\wp-content\plugins\woocommerce\src\Internal\Admin\WCAdminSharedSettings.php(61): apply_filters('woocommerce_adm...', Array)
#20 C:\xampp\htdocs\wordpress\wp-content\plugins\woocommerce\packages\woocommerce-blocks\src\Assets\AssetDataRegistry.php(258): Automattic\WooCommerce\Internal\Admin\WCAdminSharedSettings->Automattic\WooCommerce\Internal\Admin\{closure}()
#21 C:\xampp\htdocs\wordpress\wp-content\plugins\woocommerce\packages\woocommerce-blocks\src\Assets\AssetDataRegistry.php(359): Automattic\WooCommerce\Blocks\Assets\AssetDataRegistry->execute_lazy_data()
#22 C:\xampp\htdocs\wordpress\wp-includes\class-wp-hook.php(307): Automattic\WooCommerce\Blocks\Assets\AssetDataRegistry->enqueue_asset_data('')
#23 C:\xampp\htdocs\wordpress\wp-includes\class-wp-hook.php(331): WP_Hook->apply_filters('', Array)
#24 C:\xampp\htdocs\wordpress\wp-includes\plugin.php(476): WP_Hook->do_action(Array)
#25 C:\xampp\htdocs\wordpress\wp-admin\admin-footer.php(95): do_action('admin_print_foo...')
#26 C:\xampp\htdocs\wordpress\wp-admin\admin.php(297): require_once('C:\\xampp\\htdocs...')
#27 {main}
  thrown in C:\xampp\htdocs\wordpress\wp-content\plugins\mailpoet\vendor-prefixed\doctrine\dbal\lib\Doctrine\DBAL\Driver\AbstractMySQLDriver.php on line 102

2022-10-24T11:26:54+00:00 CRITICAL Uncaught PDOException: SQLSTATE[HY000] [1231] Variable 'character_set_client' can't be set to the value of 'utf16' in C:\xampp\htdocs\wordpress\wp-content\plugins\mailpoet\vendor-prefixed\doctrine\dbal\lib\Doctrine\DBAL\Driver\PDOConnection.php:20
Stack trace:
#0 C:\xampp\htdocs\wordpress\wp-content\plugins\mailpoet\vendor-prefixed\doctrine\dbal\lib\Doctrine\DBAL\Driver\PDOConnection.php(20): PDO->__construct('mysql:host=loca...', 'root', '', Array)
#1 C:\xampp\htdocs\wordpress\wp-content\plugins\mailpoet\vendor-prefixed\doctrine\dbal\lib\Doctrine\DBAL\Driver\PDOMySql\Driver.php(14): MailPoetVendor\Doctrine\DBAL\Driver\PDOConnection->__construct('mysql:host=loca...', 'root', '', Array)
#2 C:\xampp\htdocs\wordpress\wp-content\plugins\mailpoet\vendor-prefixed\doctrine\dbal\lib\Doctrine\DBAL\Connection.php(149): MailPoetVendor\Doctrine\DBAL\Driver\PDOMySql\Driver->connect(Array, 'root', '', Array)
#3 C:\xampp\htdocs\wordpress\wp-content\plugins\mailpoet\vendor-prefixed\doctrine\dbal\lib\Doctrine\DBAL\Connection.php(806): MailPoetVendor\Doctrine\DBAL\Connection->connect()
#4 C:\xampp\htdocs\wordpress\wp-content\plugins\mailpoet\vendor-prefixed\doctrine\dbal\lib\Doctrine\DBAL\Connection.php(484): MailPoetVendor\Doctrine\DBAL\Connection->getWrappedConnection()
#5 C:\xampp\htdocs\wordpress\wp-content\plugins\mailpoet\vendor-prefixed\doctrine\orm\lib\Doctrine\ORM\Persisters\Entity\BasicEntityPersister.php(476): MailPoetVendor\Doctrine\DBAL\Connection->executeQuery('SELECT t0.name ...', Array, Array)
#6 C:\xampp\htdocs\wordpress\wp-content\plugins\mailpoet\vendor-prefixed\doctrine\orm\lib\Doctrine\ORM\EntityRepository.php(73): MailPoetVendor\Doctrine\ORM\Persisters\Entity\BasicEntityPersister->loadAll(Array, NULL, NULL, NULL)
#7 C:\xampp\htdocs\wordpress\wp-content\plugins\mailpoet\vendor-prefixed\doctrine\orm\lib\Doctrine\ORM\EntityRepository.php(68): MailPoetVendor\Doctrine\ORM\EntityRepository->findBy(Array)
#8 C:\xampp\htdocs\wordpress\wp-content\plugins\mailpoet\lib\Doctrine\Repository.php(84): MailPoetVendor\Doctrine\ORM\EntityRepository->findAll()
#9 C:\xampp\htdocs\wordpress\wp-content\plugins\mailpoet\lib\Settings\SettingsController.php(137): MailPoet\Doctrine\Repository->findAll()
#10 C:\xampp\htdocs\wordpress\wp-content\plugins\mailpoet\lib\Settings\SettingsController.php(38): MailPoet\Settings\SettingsController->ensureLoaded()
#11 C:\xampp\htdocs\wordpress\wp-content\plugins\mailpoet\lib\Config\Changelog.php(84): MailPoet\Settings\SettingsController->get('version')
#12 C:\xampp\htdocs\wordpress\wp-content\plugins\mailpoet\lib\API\MP\v1\API.php(100): MailPoet\Config\Changelog->shouldShowWelcomeWizard()
#13 C:\xampp\htdocs\wordpress\wp-content\plugins\woocommerce\src\Admin\Marketing\InstalledExtensions.php(370): MailPoet\API\MP\v1\API->isSetupComplete()
#14 C:\xampp\htdocs\wordpress\wp-content\plugins\woocommerce\src\Admin\Marketing\InstalledExtensions.php(31): Automattic\WooCommerce\Admin\Marketing\InstalledExtensions::get_mailpoet_extension_data()
#15 C:\xampp\htdocs\wordpress\wp-content\plugins\woocommerce\src\Internal\Admin\Marketing.php(183): Automattic\WooCommerce\Admin\Marketing\InstalledExtensions::get_data()
#16 C:\xampp\htdocs\wordpress\wp-includes\class-wp-hook.php(307): Automattic\WooCommerce\Internal\Admin\Marketing->component_settings(Array)
#17 C:\xampp\htdocs\wordpress\wp-includes\plugin.php(191): WP_Hook->apply_filters(Array, Array)
#18 C:\xampp\htdocs\wordpress\wp-content\plugins\woocommerce\src\Internal\Admin\WCAdminSharedSettings.php(61): apply_filters('woocommerce_adm...', Array)
#19 C:\xampp\htdocs\wordpress\wp-content\plugins\woocommerce\packages\woocommerce-blocks\src\Assets\AssetDataRegistry.php(258): Automattic\WooCommerce\Internal\Admin\WCAdminSharedSettings->Automattic\WooCommerce\Internal\Admin\{closure}()
#20 C:\xampp\htdocs\wordpress\wp-content\plugins\woocommerce\packages\woocommerce-blocks\src\Assets\AssetDataRegistry.php(359): Automattic\WooCommerce\Blocks\Assets\AssetDataRegistry->execute_lazy_data()
#21 C:\xampp\htdocs\wordpress\wp-includes\class-wp-hook.php(307): Automattic\WooCommerce\Blocks\Assets\AssetDataRegistry->enqueue_asset_data('')
#22 C:\xampp\htdocs\wordpress\wp-includes\class-wp-hook.php(331): WP_Hook->apply_filters('', Array)
#23 C:\xampp\htdocs\wordpress\wp-includes\plugin.php(476): WP_Hook->do_action(Array)
#24 C:\xampp\htdocs\wordpress\wp-admin\admin-footer.php(95): do_action('admin_print_foo...')
#25 C:\xampp\htdocs\wordpress\wp-admin\admin.php(297): require_once('C:\\xampp\\htdocs...')
#26 {main}

Next MailPoetVendor\Doctrine\DBAL\Driver\PDO\Exception: SQLSTATE[HY000] [1231] Variable 'character_set_client' can't be set to the value of 'utf16' in C:\xampp\htdocs\wordpress\wp-content\plugins\mailpoet\vendor-prefixed\doctrine\dbal\lib\Doctrine\DBAL\Driver\PDO\Exception.php:10
Stack trace:
#0 C:\xampp\htdocs\wordpress\wp-content\plugins\mailpoet\vendor-prefixed\doctrine\dbal\lib\Doctrine\DBAL\Driver\PDOConnection.php(24): MailPoetVendor\Doctrine\DBAL\Driver\PDO\Exception::new(Object(PDOException))
#1 C:\xampp\htdocs\wordpress\wp-content\plugins\mailpoet\vendor-prefixed\doctrine\dbal\lib\Doctrine\DBAL\Driver\PDOMySql\Driver.php(14): MailPoetVendor\Doctrine\DBAL\Driver\PDOConnection->__construct('mysql:host=loca...', 'root', '', Array)
#2 C:\xampp\htdocs\wordpress\wp-content\plugins\mailpoet\vendor-prefixed\doctrine\dbal\lib\Doctrine\DBAL\Connection.php(149): MailPoetVendor\Doctrine\DBAL\Driver\PDOMySql\Driver->connect(Array, 'root', '', Array)
#3 C:\xampp\htdocs\wordpress\wp-content\plugins\mailpoet\vendor-prefixed\doctrine\dbal\lib\Doctrine\DBAL\Connection.php(806): MailPoetVendor\Doctrine\DBAL\Connection->connect()
#4 C:\xampp\htdocs\wordpress\wp-content\plugins\mailpoet\vendor-prefixed\doctrine\dbal\lib\Doctrine\DBAL\Connection.php(484): MailPoetVendor\Doctrine\DBAL\Connection->getWrappedConnection()
#5 C:\xampp\htdocs\wordpress\wp-content\plugins\mailpoet\vendor-prefixed\doctrine\orm\lib\Doctrine\ORM\Persisters\Entity\BasicEntityPersister.php(476): MailPoetVendor\Doctrine\DBAL\Connection->executeQuery('SELECT t0.name ...', Array, Array)
#6 C:\xampp\htdocs\wordpress\wp-content\plugins\mailpoet\vendor-prefixed\doctrine\orm\lib\Doctrine\ORM\EntityRepository.php(73): MailPoetVendor\Doctrine\ORM\Persisters\Entity\BasicEntityPersister->loadAll(Array, NULL, NULL, NULL)
#7 C:\xampp\htdocs\wordpress\wp-content\plugins\mailpoet\vendor-prefixed\doctrine\orm\lib\Doctrine\ORM\EntityRepository.php(68): MailPoetVendor\Doctrine\ORM\EntityRepository->findBy(Array)
#8 C:\xampp\htdocs\wordpress\wp-content\plugins\mailpoet\lib\Doctrine\Repository.php(84): MailPoetVendor\Doctrine\ORM\EntityRepository->findAll()
#9 C:\xampp\htdocs\wordpress\wp-content\plugins\mailpoet\lib\Settings\SettingsController.php(137): MailPoet\Doctrine\Repository->findAll()
#10 C:\xampp\htdocs\wordpress\wp-content\plugins\mailpoet\lib\Settings\SettingsController.php(38): MailPoet\Settings\SettingsController->ensureLoaded()
#11 C:\xampp\htdocs\wordpress\wp-content\plugins\mailpoet\lib\Config\Changelog.php(84): MailPoet\Settings\SettingsController->get('version')
#12 C:\xampp\htdocs\wordpress\wp-content\plugins\mailpoet\lib\API\MP\v1\API.php(100): MailPoet\Config\Changelog->shouldShowWelcomeWizard()
#13 C:\xampp\htdocs\wordpress\wp-content\plugins\woocommerce\src\Admin\Marketing\InstalledExtensions.php(370): MailPoet\API\MP\v1\API->isSetupComplete()
#14 C:\xampp\htdocs\wordpress\wp-content\plugins\woocommerce\src\Admin\Marketing\InstalledExtensions.php(31): Automattic\WooCommerce\Admin\Marketing\InstalledExtensions::get_mailpoet_extension_data()
#15 C:\xampp\htdocs\wordpress\wp-content\plugins\woocommerce\src\Internal\Admin\Marketing.php(183): Automattic\WooCommerce\Admin\Marketing\InstalledExtensions::get_data()
#16 C:\xampp\htdocs\wordpress\wp-includes\class-wp-hook.php(307): Automattic\WooCommerce\Internal\Admin\Marketing->component_settings(Array)
#17 C:\xampp\htdocs\wordpress\wp-includes\plugin.php(191): WP_Hook->apply_filters(Array, Array)
#18 C:\xampp\htdocs\wordpress\wp-content\plugins\woocommerce\src\Internal\Admin\WCAdminSharedSettings.php(61): apply_filters('woocommerce_adm...', Array)
#19 C:\xampp\htdocs\wordpress\wp-content\plugins\woocommerce\packages\woocommerce-blocks\src\Assets\AssetDataRegistry.php(258): Automattic\WooCommerce\Internal\Admin\WCAdminSharedSettings->Automattic\WooCommerce\Internal\Admin\{closure}()
#20 C:\xampp\htdocs\wordpress\wp-content\plugins\woocommerce\packages\woocommerce-blocks\src\Assets\AssetDataRegistry.php(359): Automattic\WooCommerce\Blocks\Assets\AssetDataRegistry->execute_lazy_data()
#21 C:\xampp\htdocs\wordpress\wp-includes\class-wp-hook.php(307): Automattic\WooCommerce\Blocks\Assets\AssetDataRegistry->enqueue_asset_data('')
#22 C:\xampp\htdocs\wordpress\wp-includes\class-wp-hook.php(331): WP_Hook->apply_filters('', Array)
#23 C:\xampp\htdocs\wordpress\wp-includes\plugin.php(476): WP_Hook->do_action(Array)
#24 C:\xampp\htdocs\wordpress\wp-admin\admin-footer.php(95): do_action('admin_print_foo...')
#25 C:\xampp\htdocs\wordpress\wp-admin\admin.php(297): require_once('C:\\xampp\\htdocs...')
#26 {main}

Next MailPoetVendor\Doctrine\DBAL\Exception\DriverException: An exception occurred in driver: SQLSTATE[HY000] [1231] Variable 'character_set_client' can't be set to the value of 'utf16' in C:\xampp\htdocs\wordpress\wp-content\plugins\mailpoet\vendor-prefixed\doctrine\dbal\lib\Doctrine\DBAL\Driver\AbstractMySQLDriver.php:102
Stack trace:
#0 C:\xampp\htdocs\wordpress\wp-content\plugins\mailpoet\vendor-prefixed\doctrine\dbal\lib\Doctrine\DBAL\DBALException.php(77): MailPoetVendor\Doctrine\DBAL\Driver\AbstractMySQLDriver->convertException('An exception oc...', Object(MailPoetVendor\Doctrine\DBAL\Driver\PDO\Exception))
#1 C:\xampp\htdocs\wordpress\wp-content\plugins\mailpoet\vendor-prefixed\doctrine\dbal\lib\Doctrine\DBAL\DBALException.php(69): MailPoetVendor\Doctrine\DBAL\DBALException::wrapException(Object(MailPoetVendor\Doctrine\DBAL\Driver\PDO\MySQL\Driver), Object(MailPoetVendor\Doctrine\DBAL\Driver\PDO\Exception), 'An exception oc...')
#2 C:\xampp\htdocs\wordpress\wp-content\plugins\mailpoet\vendor-prefixed\doctrine\dbal\lib\Doctrine\DBAL\Driver\PDOMySql\Driver.php(16): MailPoetVendor\Doctrine\DBAL\DBALException::driverException(Object(MailPoetVendor\Doctrine\DBAL\Driver\PDO\MySQL\Driver), Object(MailPoetVendor\Doctrine\DBAL\Driver\PDO\Exception))
#3 C:\xampp\htdocs\wordpress\wp-content\plugins\mailpoet\vendor-prefixed\doctrine\dbal\lib\Doctrine\DBAL\Connection.php(149): MailPoetVendor\Doctrine\DBAL\Driver\PDOMySql\Driver->connect(Array, 'root', '', Array)
#4 C:\xampp\htdocs\wordpress\wp-content\plugins\mailpoet\vendor-prefixed\doctrine\dbal\lib\Doctrine\DBAL\Connection.php(806): MailPoetVendor\Doctrine\DBAL\Connection->connect()
#5 C:\xampp\htdocs\wordpress\wp-content\plugins\mailpoet\vendor-prefixed\doctrine\dbal\lib\Doctrine\DBAL\Connection.php(484): MailPoetVendor\Doctrine\DBAL\Connection->getWrappedConnection()
#6 C:\xampp\htdocs\wordpress\wp-content\plugins\mailpoet\vendor-prefixed\doctrine\orm\lib\Doctrine\ORM\Persisters\Entity\BasicEntityPersister.php(476): MailPoetVendor\Doctrine\DBAL\Connection->executeQuery('SELECT t0.name ...', Array, Array)
#7 C:\xampp\htdocs\wordpress\wp-content\plugins\mailpoet\vendor-prefixed\doctrine\orm\lib\Doctrine\ORM\EntityRepository.php(73): MailPoetVendor\Doctrine\ORM\Persisters\Entity\BasicEntityPersister->loadAll(Array, NULL, NULL, NULL)
#8 C:\xampp\htdocs\wordpress\wp-content\plugins\mailpoet\vendor-prefixed\doctrine\orm\lib\Doctrine\ORM\EntityRepository.php(68): MailPoetVendor\Doctrine\ORM\EntityRepository->findBy(Array)
#9 C:\xampp\htdocs\wordpress\wp-content\plugins\mailpoet\lib\Doctrine\Repository.php(84): MailPoetVendor\Doctrine\ORM\EntityRepository->findAll()
#10 C:\xampp\htdocs\wordpress\wp-content\plugins\mailpoet\lib\Settings\SettingsController.php(137): MailPoet\Doctrine\Repository->findAll()
#11 C:\xampp\htdocs\wordpress\wp-content\plugins\mailpoet\lib\Settings\SettingsController.php(38): MailPoet\Settings\SettingsController->ensureLoaded()
#12 C:\xampp\htdocs\wordpress\wp-content\plugins\mailpoet\lib\Config\Changelog.php(84): MailPoet\Settings\SettingsController->get('version')
#13 C:\xampp\htdocs\wordpress\wp-content\plugins\mailpoet\lib\API\MP\v1\API.php(100): MailPoet\Config\Changelog->shouldShowWelcomeWizard()
#14 C:\xampp\htdocs\wordpress\wp-content\plugins\woocommerce\src\Admin\Marketing\InstalledExtensions.php(370): MailPoet\API\MP\v1\API->isSetupComplete()
#15 C:\xampp\htdocs\wordpress\wp-content\plugins\woocommerce\src\Admin\Marketing\InstalledExtensions.php(31): Automattic\WooCommerce\Admin\Marketing\InstalledExtensions::get_mailpoet_extension_data()
#16 C:\xampp\htdocs\wordpress\wp-content\plugins\woocommerce\src\Internal\Admin\Marketing.php(183): Automattic\WooCommerce\Admin\Marketing\InstalledExtensions::get_data()
#17 C:\xampp\htdocs\wordpress\wp-includes\class-wp-hook.php(307): Automattic\WooCommerce\Internal\Admin\Marketing->component_settings(Array)
#18 C:\xampp\htdocs\wordpress\wp-includes\plugin.php(191): WP_Hook->apply_filters(Array, Array)
#19 C:\xampp\htdocs\wordpress\wp-content\plugins\woocommerce\src\Internal\Admin\WCAdminSharedSettings.php(61): apply_filters('woocommerce_adm...', Array)
#20 C:\xampp\htdocs\wordpress\wp-content\plugins\woocommerce\packages\woocommerce-blocks\src\Assets\AssetDataRegistry.php(258): Automattic\WooCommerce\Internal\Admin\WCAdminSharedSettings->Automattic\WooCommerce\Internal\Admin\{closure}()
#21 C:\xampp\htdocs\wordpress\wp-content\plugins\woocommerce\packages\woocommerce-blocks\src\Assets\AssetDataRegistry.php(359): Automattic\WooCommerce\Blocks\Assets\AssetDataRegistry->execute_lazy_data()
#22 C:\xampp\htdocs\wordpress\wp-includes\class-wp-hook.php(307): Automattic\WooCommerce\Blocks\Assets\AssetDataRegistry->enqueue_asset_data('')
#23 C:\xampp\htdocs\wordpress\wp-includes\class-wp-hook.php(331): WP_Hook->apply_filters('', Array)
#24 C:\xampp\htdocs\wordpress\wp-includes\plugin.php(476): WP_Hook->do_action(Array)
#25 C:\xampp\htdocs\wordpress\wp-admin\admin-footer.php(95): do_action('admin_print_foo...')
#26 C:\xampp\htdocs\wordpress\wp-admin\admin.php(297): require_once('C:\\xampp\\htdocs...')
#27 {main}
  thrown in C:\xampp\htdocs\wordpress\wp-content\plugins\mailpoet\vendor-prefixed\doctrine\dbal\lib\Doctrine\DBAL\Driver\AbstractMySQLDriver.php on line 102

